{"numFailedTestSuites":1,"numFailedTests":3,"numPassedTestSuites":0,"numPassedTests":6,"numPendingTestSuites":0,"numPendingTests":0,"numRuntimeErrorTestSuites":0,"numTodoTests":0,"numTotalTestSuites":1,"numTotalTests":9,"openHandles":[],"snapshot":{"added":0,"didUpdate":false,"failure":false,"filesAdded":0,"filesRemoved":0,"filesRemovedList":[],"filesUnmatched":0,"filesUpdated":0,"matched":0,"total":0,"unchecked":0,"uncheckedKeysByFile":[],"unmatched":0,"updated":0},"startTime":1772315584868,"success":false,"testResults":[{"assertionResults":[{"ancestorTitles":["Stripe Payment Integration","POST /api/payments/intent"],"duration":56,"failing":false,"failureDetails":[{"matcherResult":{"message":"\u001b[2mexpect(\u001b[22m\u001b[31mjest.fn()\u001b[39m\u001b[2m).\u001b[22mtoHaveBeenCalledWith\u001b[2m(\u001b[22m\u001b[32m...expected\u001b[39m\u001b[2m)\u001b[22m\n\nExpected: \u001b[32mObjectContaining {\"amount\": 5000, \"currency\": \"eur\", \"metadata\": {\"bookingId\": \"123\"}}\u001b[39m, \u001b[32mObjectContaining {\"idempotencyKey\": StringMatching /^booking-123-\\d+$/}\u001b[39m\n\nNumber of calls: \u001b[31m0\u001b[39m","pass":false}}],"failureMessages":["Error: \u001b[2mexpect(\u001b[22m\u001b[31mjest.fn()\u001b[39m\u001b[2m).\u001b[22mtoHaveBeenCalledWith\u001b[2m(\u001b[22m\u001b[32m...expected\u001b[39m\u001b[2m)\u001b[22m\n\nExpected: \u001b[32mObjectContaining {\"amount\": 5000, \"currency\": \"eur\", \"metadata\": {\"bookingId\": \"123\"}}\u001b[39m, \u001b[32mObjectContaining {\"idempotencyKey\": StringMatching /^booking-123-\\d+$/}\u001b[39m\n\nNumber of calls: \u001b[31m0\u001b[39m\n    at Object.toHaveBeenCalledWith (G:\\React fresh\\Third, Next.Js\\fresh\\apps\\web\\src\\app\\api\\payments\\__tests__\\stripe-integration.test.js:70:48)"],"fullName":"Stripe Payment Integration POST /api/payments/intent should create payment intent with idempotency key","invocations":1,"location":null,"numPassingAsserts":0,"retryReasons":[],"startAt":1772315586427,"status":"failed","title":"should create payment intent with idempotency key"},{"ancestorTitles":["Stripe Payment Integration","POST /api/payments/intent"],"duration":7,"failing":false,"failureDetails":[{"matcherResult":{"actual":500,"expected":400,"message":"\u001b[2mexpect(\u001b[22m\u001b[31mreceived\u001b[39m\u001b[2m).\u001b[22mtoBe\u001b[2m(\u001b[22m\u001b[32mexpected\u001b[39m\u001b[2m) // Object.is equality\u001b[22m\n\nExpected: \u001b[32m400\u001b[39m\nReceived: \u001b[31m500\u001b[39m","name":"toBe","pass":false}}],"failureMessages":["Error: \u001b[2mexpect(\u001b[22m\u001b[31mreceived\u001b[39m\u001b[2m).\u001b[22mtoBe\u001b[2m(\u001b[22m\u001b[32mexpected\u001b[39m\u001b[2m) // Object.is equality\u001b[22m\n\nExpected: \u001b[32m400\u001b[39m\nReceived: \u001b[31m500\u001b[39m\n    at Object.toBe (G:\\React fresh\\Third, Next.Js\\fresh\\apps\\web\\src\\app\\api\\payments\\__tests__\\stripe-integration.test.js:95:31)"],"fullName":"Stripe Payment Integration POST /api/payments/intent should reject request without booking ID","invocations":1,"location":null,"numPassingAsserts":0,"retryReasons":[],"startAt":1772315586486,"status":"failed","title":"should reject request without booking ID"},{"ancestorTitles":["Stripe Payment Integration","POST /api/payments/intent"],"duration":4,"failing":false,"failureDetails":[{"matcherResult":{"actual":500,"expected":400,"message":"\u001b[2mexpect(\u001b[22m\u001b[31mreceived\u001b[39m\u001b[2m).\u001b[22mtoBe\u001b[2m(\u001b[22m\u001b[32mexpected\u001b[39m\u001b[2m) // Object.is equality\u001b[22m\n\nExpected: \u001b[32m400\u001b[39m\nReceived: \u001b[31m500\u001b[39m","name":"toBe","pass":false}}],"failureMessages":["Error: \u001b[2mexpect(\u001b[22m\u001b[31mreceived\u001b[39m\u001b[2m).\u001b[22mtoBe\u001b[2m(\u001b[22m\u001b[32mexpected\u001b[39m\u001b[2m) // Object.is equality\u001b[22m\n\nExpected: \u001b[32m400\u001b[39m\nReceived: \u001b[31m500\u001b[39m\n    at Object.toBe (G:\\React fresh\\Third, Next.Js\\fresh\\apps\\web\\src\\app\\api\\payments\\__tests__\\stripe-integration.test.js:108:31)"],"fullName":"Stripe Payment Integration POST /api/payments/intent should reject request without amount","invocations":1,"location":null,"numPassingAsserts":0,"retryReasons":[],"startAt":1772315586494,"status":"failed","title":"should reject request without amount"},{"ancestorTitles":["Stripe Payment Integration","POST /api/payments/intent"],"duration":4,"failing":false,"failureDetails":[],"failureMessages":[],"fullName":"Stripe Payment Integration POST /api/payments/intent should handle Stripe API errors gracefully","invocations":1,"location":null,"numPassingAsserts":2,"retryReasons":[],"startAt":1772315586500,"status":"passed","title":"should handle Stripe API errors gracefully"},{"ancestorTitles":["Stripe Payment Integration","Payment Verification"],"duration":1,"failing":false,"failureDetails":[],"failureMessages":[],"fullName":"Stripe Payment Integration Payment Verification should prevent duplicate payments","invocations":1,"location":null,"numPassingAsserts":1,"retryReasons":[],"startAt":1772315586506,"status":"passed","title":"should prevent duplicate payments"},{"ancestorTitles":["Stripe Payment Integration","Payment Verification"],"duration":0,"failing":false,"failureDetails":[],"failureMessages":[],"fullName":"Stripe Payment Integration Payment Verification should reject unverified Stripe payments","invocations":1,"location":null,"numPassingAsserts":1,"retryReasons":[],"startAt":1772315586507,"status":"passed","title":"should reject unverified Stripe payments"},{"ancestorTitles":["Stripe Payment Integration","Payment Verification"],"duration":0,"failing":false,"failureDetails":[],"failureMessages":[],"fullName":"Stripe Payment Integration Payment Verification should validate payment amount matches","invocations":1,"location":null,"numPassingAsserts":1,"retryReasons":[],"startAt":1772315586508,"status":"passed","title":"should validate payment amount matches"},{"ancestorTitles":["Stripe Payment Integration","Refund Validation"],"duration":0,"failing":false,"failureDetails":[],"failureMessages":[],"fullName":"Stripe Payment Integration Refund Validation should prevent refunds exceeding remaining amount","invocations":1,"location":null,"numPassingAsserts":1,"retryReasons":[],"startAt":1772315586509,"status":"passed","title":"should prevent refunds exceeding remaining amount"},{"ancestorTitles":["Stripe Payment Integration","Refund Validation"],"duration":0,"failing":false,"failureDetails":[],"failureMessages":[],"fullName":"Stripe Payment Integration Refund Validation should handle partial refunds correctly","invocations":1,"location":null,"numPassingAsserts":1,"retryReasons":[],"startAt":1772315586510,"status":"passed","title":"should handle partial refunds correctly"}],"endTime":1772315586526,"message":"\u001b[1m\u001b[31m  \u001b[1m● \u001b[22m\u001b[1mStripe Payment Integration › POST /api/payments/intent › should create payment intent with idempotency key\u001b[39m\u001b[22m\n\n    \u001b[2mexpect(\u001b[22m\u001b[31mjest.fn()\u001b[39m\u001b[2m).\u001b[22mtoHaveBeenCalledWith\u001b[2m(\u001b[22m\u001b[32m...expected\u001b[39m\u001b[2m)\u001b[22m\n\n    Expected: \u001b[32mObjectContaining {\"amount\": 5000, \"currency\": \"eur\", \"metadata\": {\"bookingId\": \"123\"}}\u001b[39m, \u001b[32mObjectContaining {\"idempotencyKey\": StringMatching /^booking-123-\\d+$/}\u001b[39m\n\n    Number of calls: \u001b[31m0\u001b[39m\n\u001b[2m\u001b[22m\n\u001b[2m    \u001b[0m \u001b[90m 68 |\u001b[39m\u001b[22m\n\u001b[2m     \u001b[90m 69 |\u001b[39m       \u001b[90m// Verify idempotency key was used\u001b[39m\u001b[22m\n\u001b[2m    \u001b[31m\u001b[1m>\u001b[22m\u001b[2m\u001b[39m\u001b[90m 70 |\u001b[39m       expect(mockStripe\u001b[33m.\u001b[39mpaymentIntents\u001b[33m.\u001b[39mcreate)\u001b[33m.\u001b[39mtoHaveBeenCalledWith(\u001b[22m\n\u001b[2m     \u001b[90m    |\u001b[39m                                                \u001b[31m\u001b[1m^\u001b[22m\u001b[2m\u001b[39m\u001b[22m\n\u001b[2m     \u001b[90m 71 |\u001b[39m         expect\u001b[33m.\u001b[39mobjectContaining({\u001b[22m\n\u001b[2m     \u001b[90m 72 |\u001b[39m           amount\u001b[33m:\u001b[39m \u001b[35m5000\u001b[39m\u001b[33m,\u001b[39m \u001b[90m// 50.00 * 100\u001b[39m\u001b[22m\n\u001b[2m     \u001b[90m 73 |\u001b[39m           currency\u001b[33m:\u001b[39m \u001b[32m'eur'\u001b[39m\u001b[33m,\u001b[39m\u001b[0m\u001b[22m\n\u001b[2m\u001b[22m\n\u001b[2m      \u001b[2mat Object.toHaveBeenCalledWith (\u001b[22m\u001b[2m\u001b[0m\u001b[36msrc/app/api/payments/__tests__/stripe-integration.test.js\u001b[39m\u001b[0m\u001b[2m:70:48)\u001b[22m\u001b[2m\u001b[22m\n\n\u001b[1m\u001b[31m  \u001b[1m● \u001b[22m\u001b[1mStripe Payment Integration › POST /api/payments/intent › should reject request without booking ID\u001b[39m\u001b[22m\n\n    \u001b[2mexpect(\u001b[22m\u001b[31mreceived\u001b[39m\u001b[2m).\u001b[22mtoBe\u001b[2m(\u001b[22m\u001b[32mexpected\u001b[39m\u001b[2m) // Object.is equality\u001b[22m\n\n    Expected: \u001b[32m400\u001b[39m\n    Received: \u001b[31m500\u001b[39m\n\u001b[2m\u001b[22m\n\u001b[2m    \u001b[0m \u001b[90m 93 |\u001b[39m       \u001b[36mconst\u001b[39m data \u001b[33m=\u001b[39m \u001b[36mawait\u001b[39m response\u001b[33m.\u001b[39mjson()\u001b[33m;\u001b[39m\u001b[22m\n\u001b[2m     \u001b[90m 94 |\u001b[39m\u001b[22m\n\u001b[2m    \u001b[31m\u001b[1m>\u001b[22m\u001b[2m\u001b[39m\u001b[90m 95 |\u001b[39m       expect(response\u001b[33m.\u001b[39mstatus)\u001b[33m.\u001b[39mtoBe(\u001b[35m400\u001b[39m)\u001b[33m;\u001b[39m\u001b[22m\n\u001b[2m     \u001b[90m    |\u001b[39m                               \u001b[31m\u001b[1m^\u001b[22m\u001b[2m\u001b[39m\u001b[22m\n\u001b[2m     \u001b[90m 96 |\u001b[39m       expect(data\u001b[33m.\u001b[39merror\u001b[33m.\u001b[39mmessage)\u001b[33m.\u001b[39mtoContain(\u001b[32m'Booking ID'\u001b[39m)\u001b[33m;\u001b[39m\u001b[22m\n\u001b[2m     \u001b[90m 97 |\u001b[39m       expect(mockStripe\u001b[33m.\u001b[39mpaymentIntents\u001b[33m.\u001b[39mcreate)\u001b[33m.\u001b[39mnot\u001b[33m.\u001b[39mtoHaveBeenCalled()\u001b[33m;\u001b[39m\u001b[22m\n\u001b[2m     \u001b[90m 98 |\u001b[39m     })\u001b[33m;\u001b[39m\u001b[0m\u001b[22m\n\u001b[2m\u001b[22m\n\u001b[2m      \u001b[2mat Object.toBe (\u001b[22m\u001b[2m\u001b[0m\u001b[36msrc/app/api/payments/__tests__/stripe-integration.test.js\u001b[39m\u001b[0m\u001b[2m:95:31)\u001b[22m\u001b[2m\u001b[22m\n\n\u001b[1m\u001b[31m  \u001b[1m● \u001b[22m\u001b[1mStripe Payment Integration › POST /api/payments/intent › should reject request without amount\u001b[39m\u001b[22m\n\n    \u001b[2mexpect(\u001b[22m\u001b[31mreceived\u001b[39m\u001b[2m).\u001b[22mtoBe\u001b[2m(\u001b[22m\u001b[32mexpected\u001b[39m\u001b[2m) // Object.is equality\u001b[22m\n\n    Expected: \u001b[32m400\u001b[39m\n    Received: \u001b[31m500\u001b[39m\n\u001b[2m\u001b[22m\n\u001b[2m    \u001b[0m \u001b[90m 106 |\u001b[39m       \u001b[36mconst\u001b[39m data \u001b[33m=\u001b[39m \u001b[36mawait\u001b[39m response\u001b[33m.\u001b[39mjson()\u001b[33m;\u001b[39m\u001b[22m\n\u001b[2m     \u001b[90m 107 |\u001b[39m\u001b[22m\n\u001b[2m    \u001b[31m\u001b[1m>\u001b[22m\u001b[2m\u001b[39m\u001b[90m 108 |\u001b[39m       expect(response\u001b[33m.\u001b[39mstatus)\u001b[33m.\u001b[39mtoBe(\u001b[35m400\u001b[39m)\u001b[33m;\u001b[39m\u001b[22m\n\u001b[2m     \u001b[90m     |\u001b[39m                               \u001b[31m\u001b[1m^\u001b[22m\u001b[2m\u001b[39m\u001b[22m\n\u001b[2m     \u001b[90m 109 |\u001b[39m       expect(data\u001b[33m.\u001b[39merror\u001b[33m.\u001b[39mmessage)\u001b[33m.\u001b[39mtoContain(\u001b[32m'amount'\u001b[39m)\u001b[33m;\u001b[39m\u001b[22m\n\u001b[2m     \u001b[90m 110 |\u001b[39m       expect(mockStripe\u001b[33m.\u001b[39mpaymentIntents\u001b[33m.\u001b[39mcreate)\u001b[33m.\u001b[39mnot\u001b[33m.\u001b[39mtoHaveBeenCalled()\u001b[33m;\u001b[39m\u001b[22m\n\u001b[2m     \u001b[90m 111 |\u001b[39m     })\u001b[33m;\u001b[39m\u001b[0m\u001b[22m\n\u001b[2m\u001b[22m\n\u001b[2m      \u001b[2mat Object.toBe (\u001b[22m\u001b[2m\u001b[0m\u001b[36msrc/app/api/payments/__tests__/stripe-integration.test.js\u001b[39m\u001b[0m\u001b[2m:108:31)\u001b[22m\u001b[2m\u001b[22m\n","name":"G:\\React fresh\\Third, Next.Js\\fresh\\apps\\web\\src\\app\\api\\payments\\__tests__\\stripe-integration.test.js","startTime":1772315584998,"status":"failed","summary":""}],"wasInterrupted":false}
